<?xml version="1.0" encoding="UTF-8"?>
<!-- Generated by org.testng.reporters.JUnitReportReporter -->
<testsuite hostname="USMUMSAMJAIN01" failures="0" tests="2" name="test.DeleteBooking" time="2.870" errors="0" timestamp="2023-12-02T00:12:34 IST" skipped="1">
  <testcase classname="test.DeleteBooking" name="deleteBooking" time="2.870"/>
  <system-out/>
  <testcase classname="test.DeleteBooking" name="extractResponseBody">
    <skipped/>
  </testcase> <!-- extractResponseBody -->
  <system-out/>
</testsuite> <!-- test.DeleteBooking -->
