<?xml version="1.0" encoding="UTF-8"?>
<!-- Generated by org.testng.reporters.JUnitReportReporter -->
<testsuite hostname="USMUMSAMJAIN01" failures="0" tests="4" name="test.GETBooking" time="4.446" errors="0" timestamp="2023-12-21T13:47:44 IST" skipped="2">
  <testcase classname="test.GETBooking" name="inlineAndPathParameter" time="3.210"/>
  <system-out/>
  <testcase classname="test.GETBooking" name="pathParameter1" time="1.236"/>
  <system-out/>
  <testcase classname="test.GETBooking" name="inlinePathParameter">
    <skipped/>
  </testcase> <!-- inlinePathParameter -->
  <system-out/>
  <testcase classname="test.GETBooking" name="NamedpathParameter">
    <skipped/>
  </testcase> <!-- NamedpathParameter -->
  <system-out/>
</testsuite> <!-- test.GETBooking -->
