<?xml version="1.0" encoding="UTF-8"?>
<!-- Generated by org.testng.reporters.JUnitReportReporter -->
<testsuite hostname="USMUMSAMJAIN01" failures="0" tests="1" name="DataShare.GetBookingDetails" time="1.110" errors="0" timestamp="2021-09-03T16:57:35 IST" skipped="0">
  <testcase classname="DataShare.GetBookingDetails" name="getBookingDetails" time="1.110"/>
  <system-out/>
</testsuite> <!-- DataShare.GetBookingDetails -->
