<?xml version="1.0" encoding="UTF-8"?>
<!-- Generated by org.testng.reporters.JUnitReportReporter -->
<testsuite hostname="USMUMSAMJAIN01" failures="0" tests="2" name="JsonPathExamples.JsonPathIntro" time="1.661" errors="0" timestamp="2023-12-02T17:06:46 IST" skipped="1">
  <testcase classname="JsonPathExamples.JsonPathIntro" name="nestedJson" time="1.661"/>
  <system-out/>
  <testcase classname="JsonPathExamples.JsonPathIntro" name="jsonPathDemo">
    <skipped/>
  </testcase> <!-- jsonPathDemo -->
  <system-out/>
</testsuite> <!-- JsonPathExamples.JsonPathIntro -->
