<?xml version="1.0" encoding="UTF-8"?>
<!-- Generated by org.testng.reporters.JUnitReportReporter -->
<testsuite hostname="USMUMSAMJAIN01" failures="0" tests="2" name="DataShare.TestModuleOne" time="13.968" errors="0" timestamp="2021-09-03T15:46:21 IST" skipped="0">
  <testcase classname="DataShare.TestModuleOne" name="createBooking" time="2.855"/>
  <system-out/>
  <testcase classname="DataShare.TestModuleOne" name="retriveBooking" time="11.113"/>
  <system-out/>
</testsuite> <!-- DataShare.TestModuleOne -->
