<?xml version="1.0" encoding="UTF-8"?>
<!-- Generated by org.testng.reporters.JUnitReportReporter -->
<testsuite hostname="USMUMSAMJAIN01" failures="0" tests="1" name="DataShare.CreateBookingTest" time="4.369" errors="0" timestamp="2021-09-03T16:57:35 IST" skipped="0">
  <testcase classname="DataShare.CreateBookingTest" name="createBookingTest" time="4.369"/>
  <system-out/>
</testsuite> <!-- DataShare.CreateBookingTest -->
