<?xml version="1.0" encoding="UTF-8"?>
<!-- Generated by org.testng.reporters.JUnitReportReporter -->
<testsuite hostname="USMUMSAMJAIN01" failures="0" tests="3" name="test.RestAssuredwithBDD" time="3.408" errors="0" timestamp="2021-09-08T21:34:12 IST" skipped="2">
  <testcase classname="test.RestAssuredwithBDD" name="extractResponseBody" time="3.408"/>
  <system-out/>
  <testcase classname="test.RestAssuredwithBDD" name="CreateBooking">
    <skipped/>
  </testcase> <!-- CreateBooking -->
  <system-out/>
  <testcase classname="test.RestAssuredwithBDD" name="test1">
    <skipped/>
  </testcase> <!-- test1 -->
  <system-out/>
</testsuite> <!-- test.RestAssuredwithBDD -->
