<?xml version="1.0" encoding="UTF-8"?>
<!-- Generated by org.testng.reporters.JUnitReportReporter -->
<testsuite hostname="USMUMSAMJAIN01" failures="0" tests="4" name="DataShare.GetBookingDetails" time="9.287" errors="0" timestamp="2023-11-25T17:01:53 IST" skipped="0">
  <testcase classname="DataShare.GetBookingDetails" name="getBookingDetails" time="6.023"/>
  <system-out/>
  <testcase classname="DataShare.GetBookingDetails" name="getBookingDetailsPathParameter" time="1.096"/>
  <system-out/>
  <testcase classname="DataShare.GetBookingDetails" name="getBookingDetails" time="1.068"/>
  <system-out/>
  <testcase classname="DataShare.GetBookingDetails" name="getBookingInlineParameter" time="1.100"/>
  <system-out/>
</testsuite> <!-- DataShare.GetBookingDetails -->
