<?xml version="1.0" encoding="UTF-8"?>
<!-- Generated by org.testng.reporters.JUnitReportReporter -->
<testsuite hostname="USMUMSAMJAIN01" failures="0" tests="2" name="DataShare.TestModuleTwo" time="18.971" errors="0" timestamp="2021-09-03T15:46:21 IST" skipped="0">
  <testcase classname="DataShare.TestModuleTwo" name="createBooking" time="2.856"/>
  <system-out/>
  <testcase classname="DataShare.TestModuleTwo" name="retriveBooking" time="16.115"/>
  <system-out/>
</testsuite> <!-- DataShare.TestModuleTwo -->
